2018-11-06 21:06:25,622 ERROR 7073 nodejs.ClusterClientNoResponseError: client no response in 1922427ms exceeding maxIdleTime 60000ms, maybe the connection is close on other side.
    at Timeout.Leader._heartbeatTimer.setInterval [as _onTimeout] (/Users/scott/Documents/self/eggProject/eggdemo01/node_modules/cluster-client/lib/leader.js:74:23)
    at listOnTimeout (timers.js:324:15)
    at processTimers (timers.js:268:5)
name: "ClusterClientNoResponseError"
pid: 7073
hostname: dalishuishou.local

2018-11-06 22:22:40,100 ERROR 7073 nodejs.ClusterClientNoResponseError: client no response in 4535546ms exceeding maxIdleTime 60000ms, maybe the connection is close on other side.
    at Timeout.Leader._heartbeatTimer.setInterval [as _onTimeout] (/Users/scott/Documents/self/eggProject/eggdemo01/node_modules/cluster-client/lib/leader.js:74:23)
    at listOnTimeout (timers.js:324:15)
    at processTimers (timers.js:268:5)
name: "ClusterClientNoResponseError"
pid: 7073
hostname: dalishuishou.local

2018-11-07 00:04:25,114 ERROR 7073 nodejs.ClusterClientNoResponseError: client no response in 6065001ms exceeding maxIdleTime 60000ms, maybe the connection is close on other side.
    at Timeout.Leader._heartbeatTimer.setInterval [as _onTimeout] (/Users/scott/Documents/self/eggProject/eggdemo01/node_modules/cluster-client/lib/leader.js:74:23)
    at listOnTimeout (timers.js:324:15)
    at processTimers (timers.js:268:5)
name: "ClusterClientNoResponseError"
pid: 7073
hostname: dalishuishou.local

2018-11-07 02:05:22,574 ERROR 7073 nodejs.ClusterClientNoResponseError: client no response in 7217451ms exceeding maxIdleTime 60000ms, maybe the connection is close on other side.
    at Timeout.Leader._heartbeatTimer.setInterval [as _onTimeout] (/Users/scott/Documents/self/eggProject/eggdemo01/node_modules/cluster-client/lib/leader.js:74:23)
    at listOnTimeout (timers.js:324:15)
    at processTimers (timers.js:268:5)
name: "ClusterClientNoResponseError"
pid: 7073
hostname: dalishuishou.local

2018-11-07 03:03:38,633 ERROR 7073 nodejs.ClusterClientNoResponseError: client no response in 3456032ms exceeding maxIdleTime 60000ms, maybe the connection is close on other side.
    at Timeout.Leader._heartbeatTimer.setInterval [as _onTimeout] (/Users/scott/Documents/self/eggProject/eggdemo01/node_modules/cluster-client/lib/leader.js:74:23)
    at listOnTimeout (timers.js:324:15)
    at processTimers (timers.js:268:5)
name: "ClusterClientNoResponseError"
pid: 7073
hostname: dalishuishou.local

2018-11-07 05:04:16,595 ERROR 7073 nodejs.ClusterClientNoResponseError: client no response in 7217957ms exceeding maxIdleTime 60000ms, maybe the connection is close on other side.
    at Timeout.Leader._heartbeatTimer.setInterval [as _onTimeout] (/Users/scott/Documents/self/eggProject/eggdemo01/node_modules/cluster-client/lib/leader.js:74:23)
    at listOnTimeout (timers.js:324:15)
    at processTimers (timers.js:268:5)
name: "ClusterClientNoResponseError"
pid: 7073
hostname: dalishuishou.local

2018-11-07 07:05:14,076 ERROR 7073 nodejs.ClusterClientNoResponseError: client no response in 7217462ms exceeding maxIdleTime 60000ms, maybe the connection is close on other side.
    at Timeout.Leader._heartbeatTimer.setInterval [as _onTimeout] (/Users/scott/Documents/self/eggProject/eggdemo01/node_modules/cluster-client/lib/leader.js:74:23)
    at listOnTimeout (timers.js:324:15)
    at processTimers (timers.js:268:5)
name: "ClusterClientNoResponseError"
pid: 7073
hostname: dalishuishou.local

2018-11-07 09:05:52,685 ERROR 7073 nodejs.ClusterClientNoResponseError: client no response in 7218599ms exceeding maxIdleTime 60000ms, maybe the connection is close on other side.
    at Timeout.Leader._heartbeatTimer.setInterval [as _onTimeout] (/Users/scott/Documents/self/eggProject/eggdemo01/node_modules/cluster-client/lib/leader.js:74:23)
    at listOnTimeout (timers.js:324:15)
    at processTimers (timers.js:268:5)
name: "ClusterClientNoResponseError"
pid: 7073
hostname: dalishuishou.local

2018-11-07 09:44:55,956 ERROR 7073 nodejs.ClusterClientNoResponseError: client no response in 2284382ms exceeding maxIdleTime 60000ms, maybe the connection is close on other side.
    at Timeout.Leader._heartbeatTimer.setInterval [as _onTimeout] (/Users/scott/Documents/self/eggProject/eggdemo01/node_modules/cluster-client/lib/leader.js:74:23)
    at listOnTimeout (timers.js:324:15)
    at processTimers (timers.js:268:5)
name: "ClusterClientNoResponseError"
pid: 7073
hostname: dalishuishou.local

